\BOOKMARK [1][-]{section.1}{\376\377\000I\000n\000t\000r\000o\000d\000u\000c\000t\000i\000o\000n}{}% 1
\BOOKMARK [1][-]{section.2}{\376\377\000H\000a\000r\000d\000w\000a\000r\000e}{}% 2
\BOOKMARK [2][-]{subsection.2.1}{\376\377\000C\000o\000n\000c\000e\000p\000t}{section.2}% 3
\BOOKMARK [2][-]{subsection.2.2}{\376\377\000C\000o\000m\000p\000o\000n\000e\000n\000t\000s}{section.2}% 4
\BOOKMARK [3][-]{subsubsection.2.2.1}{\376\377\000I\000g\000n\000i\000t\000i\000o\000n\000\040\000V\000o\000l\000t\000a\000g\000e\000\040\000G\000e\000n\000e\000r\000a\000t\000o\000r}{subsection.2.2}% 5
\BOOKMARK [4][-]{paragraph.2.2.1.1}{\376\377\000C\000i\000r\000c\000u\000i\000t}{subsubsection.2.2.1}% 6
\BOOKMARK [3][-]{subsubsection.2.2.2}{\376\377\000C\000o\000n\000t\000r\000o\000l\000l\000e\000r}{subsection.2.2}% 7
\BOOKMARK [4][-]{paragraph.2.2.2.1}{\376\377\000C\000i\000r\000c\000u\000i\000t}{subsubsection.2.2.2}% 8
\BOOKMARK [4][-]{paragraph.2.2.2.2}{\376\377\000H\000o\000u\000s\000i\000n\000g}{subsubsection.2.2.2}% 9
\BOOKMARK [3][-]{subsubsection.2.2.3}{\376\377\000T\000r\000i\000g\000g\000e\000r}{subsection.2.2}% 10
\BOOKMARK [4][-]{paragraph.2.2.3.1}{\376\377\000C\000i\000r\000c\000u\000i\000t}{subsubsection.2.2.3}% 11
\BOOKMARK [4][-]{paragraph.2.2.3.2}{\376\377\000H\000o\000u\000s\000i\000n\000g}{subsubsection.2.2.3}% 12
\BOOKMARK [3][-]{subsubsection.2.2.4}{\376\377\000M\000o\000d\000u\000l\000e\000s}{subsection.2.2}% 13
\BOOKMARK [4][-]{paragraph.2.2.4.1}{\376\377\000C\000i\000r\000c\000u\000i\000t}{subsubsection.2.2.4}% 14
\BOOKMARK [4][-]{paragraph.2.2.4.2}{\376\377\000H\000o\000u\000s\000i\000n\000g}{subsubsection.2.2.4}% 15
\BOOKMARK [1][-]{section.3}{\376\377\000F\000i\000r\000m\000w\000a\000r\000e}{}% 16
\BOOKMARK [2][-]{subsubsection.3.0.1}{\376\377\000U\000S\000B\000\040\000C\000o\000n\000n\000e\000c\000t\000i\000o\000n}{section.3}% 17
\BOOKMARK [3][-]{paragraph.3.0.1.1}{\376\377\000P\000r\000o\000g\000r\000a\000m\000\040\000M\000o\000d\000e}{subsubsection.3.0.1}% 18
\BOOKMARK [4][-]{paragraph.3.0.1.2}{\376\377\000C\000o\000m\000m\000a\000n\000d\000s}{paragraph.3.0.1.1}% 19
\BOOKMARK [1][-]{section.4}{\376\377\000S\000o\000f\000t\000w\000a\000r\000e}{}% 20
