This is pdfTeX, Version 3.141592653-2.6-1.40.25 (MiKTeX 23.4) (preloaded format=pdflatex 2023.6.21)  28 JUN 2023 15:10
entering extended mode
 restricted \write18 enabled.
 %&-line parsing enabled.
**./zk_48_documentation.tex
(zk_48_documentation.tex
LaTeX2e <2022-11-01> patch level 1
L3 programming layer <2023-03-30> (praeambel.tex
(C:\Users\inimodo\AppData\Local\Programs\MiKTeX\tex/latex/base\article.cls
Document Class: article 2022/07/02 v1.4n Standard LaTeX document class
(C:\Users\inimodo\AppData\Local\Programs\MiKTeX\tex/latex/base\size10.clo
File: size10.clo 2022/07/02 v1.4n Standard LaTeX file (size option)
)
\c@part=\count185
\c@section=\count186
\c@subsection=\count187
\c@subsubsection=\count188
\c@paragraph=\count189
\c@subparagraph=\count190
\c@figure=\count191
\c@table=\count192
\abovecaptionskip=\skip48
\belowcaptionskip=\skip49
\bibindent=\dimen140
)
(C:\Users\inimodo\AppData\Local\Programs\MiKTeX\tex/generic/babel\babel.sty
Package: babel 2023/03/28 3.87 The Babel package
\babel@savecnt=\count193
\U@D=\dimen141
\l@unhyphenated=\language79

(C:\Users\inimodo\AppData\Local\Programs\MiKTeX\tex/generic/babel\txtbabel.def)
\bbl@readstream=\read2
\bbl@dirlevel=\count194
*************************************
* Local config file bblopts.cfg used
*
(C:\Users\inimodo\AppData\Local\Programs\MiKTeX\tex/latex/arabi\bblopts.cfg
File: bblopts.cfg 2005/09/08 v0.1 add Arabic and Farsi to "declared" options of
 babel
)
(C:\Users\inimodo\AppData\Local\Programs\MiKTeX\tex/latex/babel-english\english
.ldf
Language: english 2017/06/06 v3.3r English support from the babel system
Package babel Info: Hyphen rules for 'canadian' set to \l@english
(babel)             (\language0). Reported on input line 102.
Package babel Info: Hyphen rules for 'australian' set to \l@ukenglish
(babel)             (\language73). Reported on input line 105.
Package babel Info: Hyphen rules for 'newzealand' set to \l@ukenglish
(babel)             (\language73). Reported on input line 108.
))
(C:\Users\inimodo\AppData\Local\Programs\MiKTeX\tex/generic/babel/locale/en\bab
el-english.tex
Package babel Info: Importing font and identification data for english
(babel)             from babel-en.ini. Reported on input line 11.
)
(C:\Users\inimodo\AppData\Local\Programs\MiKTeX\tex/latex/base\inputenc.sty
Package: inputenc 2021/02/14 v1.3d Input encoding file
\inpenc@prehook=\toks16
\inpenc@posthook=\toks17
)
(C:\Users\inimodo\AppData\Local\Programs\MiKTeX\tex/latex/base\fontenc.sty
Package: fontenc 2021/04/29 v2.0v Standard LaTeX package
)
(C:\Users\inimodo\AppData\Local\Programs\MiKTeX\tex/latex/geometry\geometry.sty
Package: geometry 2020/01/02 v5.9 Page Geometry
(C:\Users\inimodo\AppData\Local\Programs\MiKTeX\tex/latex/graphics\keyval.sty
Package: keyval 2022/05/29 v1.15 key=value parser (DPC)
\KV@toks@=\toks18
)
(C:\Users\inimodo\AppData\Local\Programs\MiKTeX\tex/generic/iftex\ifvtex.sty
Package: ifvtex 2019/10/25 v1.7 ifvtex legacy package. Use iftex instead.

(C:\Users\inimodo\AppData\Local\Programs\MiKTeX\tex/generic/iftex\iftex.sty
Package: iftex 2022/02/03 v1.0f TeX engine tests
))
\Gm@cnth=\count195
\Gm@cntv=\count196
\c@Gm@tempcnt=\count197
\Gm@bindingoffset=\dimen142
\Gm@wd@mp=\dimen143
\Gm@odd@mp=\dimen144
\Gm@even@mp=\dimen145
\Gm@layoutwidth=\dimen146
\Gm@layoutheight=\dimen147
\Gm@layouthoffset=\dimen148
\Gm@layoutvoffset=\dimen149
\Gm@dimlist=\toks19

(C:\Users\inimodo\AppData\Local\Programs\MiKTeX\tex/latex/geometry\geometry.cfg
))
(C:\Users\inimodo\AppData\Local\Programs\MiKTeX\tex/latex/placeins\placeins.sty
Package: placeins 2005/04/18  v 2.2
)
(C:\Users\inimodo\AppData\Local\Programs\MiKTeX\tex/latex/hyperref\hyperref.sty
Package: hyperref 2023-02-07 v7.00v Hypertext links for LaTeX

(C:\Users\inimodo\AppData\Local\Programs\MiKTeX\tex/generic/ltxcmds\ltxcmds.sty
Package: ltxcmds 2020-05-10 v1.25 LaTeX kernel commands for general use (HO)
)
(C:\Users\inimodo\AppData\Local\Programs\MiKTeX\tex/generic/pdftexcmds\pdftexcm
ds.sty
Package: pdftexcmds 2020-06-27 v0.33 Utility functions of pdfTeX for LuaTeX (HO
)

(C:\Users\inimodo\AppData\Local\Programs\MiKTeX\tex/generic/infwarerr\infwarerr
.sty
Package: infwarerr 2019/12/03 v1.5 Providing info/warning/error messages (HO)
)
Package pdftexcmds Info: \pdf@primitive is available.
Package pdftexcmds Info: \pdf@ifprimitive is available.
Package pdftexcmds Info: \pdfdraftmode found.
)
(C:\Users\inimodo\AppData\Local\Programs\MiKTeX\tex/latex/kvsetkeys\kvsetkeys.s
ty
Package: kvsetkeys 2022-10-05 v1.19 Key value parser (HO)
)
(C:\Users\inimodo\AppData\Local\Programs\MiKTeX\tex/generic/kvdefinekeys\kvdefi
nekeys.sty
Package: kvdefinekeys 2019-12-19 v1.6 Define keys (HO)
)
(C:\Users\inimodo\AppData\Local\Programs\MiKTeX\tex/generic/pdfescape\pdfescape
.sty
Package: pdfescape 2019/12/09 v1.15 Implements pdfTeX's escape features (HO)
)
(C:\Users\inimodo\AppData\Local\Programs\MiKTeX\tex/latex/hycolor\hycolor.sty
Package: hycolor 2020-01-27 v1.10 Color options for hyperref/bookmark (HO)
)
(C:\Users\inimodo\AppData\Local\Programs\MiKTeX\tex/latex/letltxmacro\letltxmac
ro.sty
Package: letltxmacro 2019/12/03 v1.6 Let assignment for LaTeX macros (HO)
)
(C:\Users\inimodo\AppData\Local\Programs\MiKTeX\tex/latex/auxhook\auxhook.sty
Package: auxhook 2019-12-17 v1.6 Hooks for auxiliary files (HO)
)
(C:\Users\inimodo\AppData\Local\Programs\MiKTeX\tex/latex/hyperref\nameref.sty
Package: nameref 2022-05-17 v2.50 Cross-referencing by name of section

(C:\Users\inimodo\AppData\Local\Programs\MiKTeX\tex/latex/refcount\refcount.sty
Package: refcount 2019/12/15 v3.6 Data extraction from label references (HO)
)
(C:\Users\inimodo\AppData\Local\Programs\MiKTeX\tex/generic/gettitlestring\gett
itlestring.sty
Package: gettitlestring 2019/12/15 v1.6 Cleanup title references (HO)

(C:\Users\inimodo\AppData\Local\Programs\MiKTeX\tex/latex/kvoptions\kvoptions.s
ty
Package: kvoptions 2022-06-15 v3.15 Key value format for package options (HO)
))
\c@section@level=\count198
)
\@linkdim=\dimen150
\Hy@linkcounter=\count199
\Hy@pagecounter=\count266

(C:\Users\inimodo\AppData\Local\Programs\MiKTeX\tex/latex/hyperref\pd1enc.def
File: pd1enc.def 2023-02-07 v7.00v Hyperref: PDFDocEncoding definition (HO)
Now handling font encoding PD1 ...
... no UTF-8 mapping file for font encoding PD1
)
(C:\Users\inimodo\AppData\Local\Programs\MiKTeX\tex/generic/intcalc\intcalc.sty
Package: intcalc 2019/12/15 v1.3 Expandable calculations with integers (HO)
)
(C:\Users\inimodo\AppData\Local\Programs\MiKTeX\tex/generic/etexcmds\etexcmds.s
ty
Package: etexcmds 2019/12/15 v1.7 Avoid name clashes with e-TeX commands (HO)
)
\Hy@SavedSpaceFactor=\count267

(C:\Users\inimodo\AppData\Local\Programs\MiKTeX\tex/latex/hyperref\puenc.def
File: puenc.def 2023-02-07 v7.00v Hyperref: PDF Unicode definition (HO)
Now handling font encoding PU ...
... no UTF-8 mapping file for font encoding PU
)
Package hyperref Info: Hyper figures OFF on input line 4177.
Package hyperref Info: Link nesting OFF on input line 4182.
Package hyperref Info: Hyper index ON on input line 4185.
Package hyperref Info: Plain pages OFF on input line 4192.
Package hyperref Info: Backreferencing OFF on input line 4197.
Package hyperref Info: Implicit mode ON; LaTeX internals redefined.
Package hyperref Info: Bookmarks ON on input line 4425.
\c@Hy@tempcnt=\count268

(C:\Users\inimodo\AppData\Local\Programs\MiKTeX\tex/latex/url\url.sty
\Urlmuskip=\muskip16
Package: url 2013/09/16  ver 3.4  Verb mode for urls, etc.
)
LaTeX Info: Redefining \url on input line 4763.
\XeTeXLinkMargin=\dimen151

(C:\Users\inimodo\AppData\Local\Programs\MiKTeX\tex/generic/bitset\bitset.sty
Package: bitset 2019/12/09 v1.3 Handle bit-vector datatype (HO)

(C:\Users\inimodo\AppData\Local\Programs\MiKTeX\tex/generic/bigintcalc\bigintca
lc.sty
Package: bigintcalc 2019/12/15 v1.5 Expandable calculations on big integers (HO
)
))
\Fld@menulength=\count269
\Field@Width=\dimen152
\Fld@charsize=\dimen153
Package hyperref Info: Hyper figures OFF on input line 6042.
Package hyperref Info: Link nesting OFF on input line 6047.
Package hyperref Info: Hyper index ON on input line 6050.
Package hyperref Info: backreferencing OFF on input line 6057.
Package hyperref Info: Link coloring OFF on input line 6062.
Package hyperref Info: Link coloring with OCG OFF on input line 6067.
Package hyperref Info: PDF/A mode OFF on input line 6072.

(C:\Users\inimodo\AppData\Local\Programs\MiKTeX\tex/latex/base\atbegshi-ltx.sty
Package: atbegshi-ltx 2021/01/10 v1.0c Emulation of the original atbegshi
package with kernel methods
)
\Hy@abspage=\count270
\c@Item=\count271
\c@Hfootnote=\count272
)
Package hyperref Info: Driver (autodetected): hpdftex.

(C:\Users\inimodo\AppData\Local\Programs\MiKTeX\tex/latex/hyperref\hpdftex.def
File: hpdftex.def 2023-02-07 v7.00v Hyperref driver for pdfTeX

(C:\Users\inimodo\AppData\Local\Programs\MiKTeX\tex/latex/base\atveryend-ltx.st
y
Package: atveryend-ltx 2020/08/19 v1.0a Emulation of the original atveryend pac
kage
with kernel methods
)
\Fld@listcount=\count273
\c@bookmark@seq@number=\count274

(C:\Users\inimodo\AppData\Local\Programs\MiKTeX\tex/latex/rerunfilecheck\rerunf
ilecheck.sty
Package: rerunfilecheck 2022-07-10 v1.10 Rerun checks for auxiliary files (HO)

(C:\Users\inimodo\AppData\Local\Programs\MiKTeX\tex/generic/uniquecounter\uniqu
ecounter.sty
Package: uniquecounter 2019/12/15 v1.4 Provide unlimited unique counter (HO)
)
Package uniquecounter Info: New unique counter `rerunfilecheck' on input line 2
85.
)
\Hy@SectionHShift=\skip50
)
(C:\Users\inimodo\AppData\Local\Programs\MiKTeX\tex/latex/footmisc\footmisc.sty
Package: footmisc 2023/05/26 v6.0e a miscellany of footnote facilities
\FN@temptoken=\toks20
\footnotemargin=\dimen154
\@outputbox@depth=\dimen155
Package footmisc Info: Declaring symbol style bringhurst on input line 695.
Package footmisc Info: Declaring symbol style chicago on input line 703.
Package footmisc Info: Declaring symbol style wiley on input line 712.
Package footmisc Info: Declaring symbol style lamport-robust on input line 723.

Package footmisc Info: Declaring symbol style lamport* on input line 743.
Package footmisc Info: Declaring symbol style lamport*-robust on input line 764
.
)
(C:\Users\inimodo\AppData\Local\Programs\MiKTeX\tex/latex/graphics\graphicx.sty
Package: graphicx 2021/09/16 v1.2d Enhanced LaTeX Graphics (DPC,SPQR)

(C:\Users\inimodo\AppData\Local\Programs\MiKTeX\tex/latex/graphics\graphics.sty
Package: graphics 2022/03/10 v1.4e Standard LaTeX Graphics (DPC,SPQR)
(C:\Users\inimodo\AppData\Local\Programs\MiKTeX\tex/latex/graphics\trig.sty
Package: trig 2021/08/11 v1.11 sin cos tan (DPC)
)
(C:\Users\inimodo\AppData\Local\Programs\MiKTeX\tex/latex/graphics-cfg\graphics
.cfg
File: graphics.cfg 2016/06/04 v1.11 sample graphics configuration
)
Package graphics Info: Driver file: pdftex.def on input line 107.

(C:\Users\inimodo\AppData\Local\Programs\MiKTeX\tex/latex/graphics-def\pdftex.d
ef
File: pdftex.def 2022/09/22 v1.2b Graphics/color driver for pdftex
))
\Gin@req@height=\dimen156
\Gin@req@width=\dimen157
)
(C:\Users\inimodo\AppData\Local\Programs\MiKTeX\tex/latex/fancyhdr\fancyhdr.sty
Package: fancyhdr 2022/11/09 v4.1 Extensive control of page headers and footers

\f@nch@headwidth=\skip51
\f@nch@O@elh=\skip52
\f@nch@O@erh=\skip53
\f@nch@O@olh=\skip54
\f@nch@O@orh=\skip55
\f@nch@O@elf=\skip56
\f@nch@O@erf=\skip57
\f@nch@O@olf=\skip58
\f@nch@O@orf=\skip59
) (C:\Users\inimodo\AppData\Local\Programs\MiKTeX\tex/latex/amsmath\amsmath.sty
Package: amsmath 2022/04/08 v2.17n AMS math features
\@mathmargin=\skip60
For additional information on amsmath, use the `?' option.
(C:\Users\inimodo\AppData\Local\Programs\MiKTeX\tex/latex/amsmath\amstext.sty
Package: amstext 2021/08/26 v2.01 AMS text

(C:\Users\inimodo\AppData\Local\Programs\MiKTeX\tex/latex/amsmath\amsgen.sty
File: amsgen.sty 1999/11/30 v2.0 generic functions
\@emptytoks=\toks21
\ex@=\dimen158
))
(C:\Users\inimodo\AppData\Local\Programs\MiKTeX\tex/latex/amsmath\amsbsy.sty
Package: amsbsy 1999/11/29 v1.2d Bold Symbols
\pmbraise@=\dimen159
)
(C:\Users\inimodo\AppData\Local\Programs\MiKTeX\tex/latex/amsmath\amsopn.sty
Package: amsopn 2022/04/08 v2.04 operator names
)
\inf@bad=\count275
LaTeX Info: Redefining \frac on input line 234.
\uproot@=\count276
\leftroot@=\count277
LaTeX Info: Redefining \overline on input line 399.
LaTeX Info: Redefining \colon on input line 410.
\classnum@=\count278
\DOTSCASE@=\count279
LaTeX Info: Redefining \ldots on input line 496.
LaTeX Info: Redefining \dots on input line 499.
LaTeX Info: Redefining \cdots on input line 620.
\Mathstrutbox@=\box51
\strutbox@=\box52
LaTeX Info: Redefining \big on input line 722.
LaTeX Info: Redefining \Big on input line 723.
LaTeX Info: Redefining \bigg on input line 724.
LaTeX Info: Redefining \Bigg on input line 725.
\big@size=\dimen160
LaTeX Font Info:    Redeclaring font encoding OML on input line 743.
LaTeX Font Info:    Redeclaring font encoding OMS on input line 744.
\macc@depth=\count280
LaTeX Info: Redefining \bmod on input line 905.
LaTeX Info: Redefining \pmod on input line 910.
LaTeX Info: Redefining \smash on input line 940.
LaTeX Info: Redefining \relbar on input line 970.
LaTeX Info: Redefining \Relbar on input line 971.
\c@MaxMatrixCols=\count281
\dotsspace@=\muskip17
\c@parentequation=\count282
\dspbrk@lvl=\count283
\tag@help=\toks22
\row@=\count284
\column@=\count285
\maxfields@=\count286
\andhelp@=\toks23
\eqnshift@=\dimen161
\alignsep@=\dimen162
\tagshift@=\dimen163
\tagwidth@=\dimen164
\totwidth@=\dimen165
\lineht@=\dimen166
\@envbody=\toks24
\multlinegap=\skip61
\multlinetaggap=\skip62
\mathdisplay@stack=\toks25
LaTeX Info: Redefining \[ on input line 2953.
LaTeX Info: Redefining \] on input line 2954.
)
(C:\Users\inimodo\AppData\Local\Programs\MiKTeX\tex/latex/amscls\amsthm.sty
Package: amsthm 2020/05/29 v2.20.6
\thm@style=\toks26
\thm@bodyfont=\toks27
\thm@headfont=\toks28
\thm@notefont=\toks29
\thm@headpunct=\toks30
\thm@preskip=\skip63
\thm@postskip=\skip64
\thm@headsep=\skip65
\dth@everypar=\toks31
)
(C:\Users\inimodo\AppData\Local\Programs\MiKTeX\tex/latex/amsfonts\amssymb.sty
Package: amssymb 2013/01/14 v3.01 AMS font symbols

(C:\Users\inimodo\AppData\Local\Programs\MiKTeX\tex/latex/amsfonts\amsfonts.sty
Package: amsfonts 2013/01/14 v3.01 Basic AMSFonts support
\symAMSa=\mathgroup4
\symAMSb=\mathgroup5
LaTeX Font Info:    Redeclaring math symbol \hbar on input line 98.
LaTeX Font Info:    Overwriting math alphabet `\mathfrak' in version `bold'
(Font)                  U/euf/m/n --> U/euf/b/n on input line 106.
))
(C:\Users\inimodo\AppData\Local\Programs\MiKTeX\tex/latex/cleveref\cleveref.sty
Package: cleveref 2018/03/27 v0.21.4 Intelligent cross-referencing
Package cleveref Info: `hyperref' support loaded on input line 2370.
LaTeX Info: Redefining \cref on input line 2370.
LaTeX Info: Redefining \Cref on input line 2370.
LaTeX Info: Redefining \crefrange on input line 2370.
LaTeX Info: Redefining \Crefrange on input line 2370.
LaTeX Info: Redefining \cpageref on input line 2370.
LaTeX Info: Redefining \Cpageref on input line 2370.
LaTeX Info: Redefining \cpagerefrange on input line 2370.
LaTeX Info: Redefining \Cpagerefrange on input line 2370.
LaTeX Info: Redefining \labelcref on input line 2370.
LaTeX Info: Redefining \labelcpageref on input line 2370.
Package cleveref Info: `amsthm' support loaded on input line 3026.
)
(C:\Users\inimodo\AppData\Local\Programs\MiKTeX\tex/latex/listingsutf8\listings
utf8.sty
Package: listingsutf8 2019-12-10 v1.5 Allow UTF-8 in listings input (HO)

(C:\Users\inimodo\AppData\Local\Programs\MiKTeX\tex/latex/listings\listings.sty
\lst@mode=\count287
\lst@gtempboxa=\box53
\lst@token=\toks32
\lst@length=\count288
\lst@currlwidth=\dimen167
\lst@column=\count289
\lst@pos=\count290
\lst@lostspace=\dimen168
\lst@width=\dimen169
\lst@newlines=\count291
\lst@lineno=\count292
\lst@maxwidth=\dimen170
(C:\Users\inimodo\AppData\Local\Programs\MiKTeX\tex/latex/listings\lstmisc.sty
File: lstmisc.sty 2023/02/27 1.9 (Carsten Heinz)
\c@lstnumber=\count293
\lst@skipnumbers=\count294
\lst@framebox=\box54
)
(C:\Users\inimodo\AppData\Local\Programs\MiKTeX\tex/latex/listings\listings.cfg
File: listings.cfg 2023/02/27 1.9 listings configuration
))
Package: listings 2023/02/27 1.9 (Carsten Heinz)

(C:\Users\inimodo\AppData\Local\Programs\MiKTeX\tex/generic/stringenc\stringenc
.sty
Package: stringenc 2019/11/29 v1.12 Convert strings between diff. encodings (HO
)
))
(C:\Users\inimodo\AppData\Local\Programs\MiKTeX\tex/latex/matlab-prettifier\mat
lab-prettifier.sty
Package: matlab-prettifier 2014/06/19 v0.3 A package for prettyprinting Matlab 
source code

(C:\Users\inimodo\AppData\Local\Programs\MiKTeX\tex/latex/base\textcomp.sty
Package: textcomp 2020/02/02 v2.0n Standard LaTeX package
)
(C:\Users\inimodo\AppData\Local\Programs\MiKTeX\tex/latex/xcolor\xcolor.sty
Package: xcolor 2022/06/12 v2.14 LaTeX color extensions (UK)

(C:\Users\inimodo\AppData\Local\Programs\MiKTeX\tex/latex/graphics-cfg\color.cf
g
File: color.cfg 2016/01/02 v1.6 sample color configuration
)
Package xcolor Info: Driver file: pdftex.def on input line 227.

(C:\Users\inimodo\AppData\Local\Programs\MiKTeX\tex/latex/graphics\mathcolor.lt
x)
Package xcolor Info: Model `cmy' substituted by `cmy0' on input line 1353.
Package xcolor Info: Model `hsb' substituted by `rgb' on input line 1357.
Package xcolor Info: Model `RGB' extended on input line 1369.
Package xcolor Info: Model `HTML' substituted by `rgb' on input line 1371.
Package xcolor Info: Model `Hsb' substituted by `hsb' on input line 1372.
Package xcolor Info: Model `tHsb' substituted by `hsb' on input line 1373.
Package xcolor Info: Model `HSB' substituted by `hsb' on input line 1374.
Package xcolor Info: Model `Gray' substituted by `gray' on input line 1375.
Package xcolor Info: Model `wave' substituted by `hsb' on input line 1376.
)
\netBracketCount@mlpr=\count295
\blkLvl@mlpr=\count296
\blkLvlAtClassdef@mlpr=\count297
\emHeight@mlpr=\skip66
\jayDepth@mlpr=\skip67
\sectionRuleOffset@mlpr=\skip68
\toks@mlpr=\toks33
)
(C:\Users\inimodo\AppData\Local\Programs\MiKTeX\tex/latex/listings\lstlang1.sty
File: lstlang1.sty 2023/02/27 1.9 listings language file
) (C:\Users\inimodo\AppData\Local\Programs\MiKTeX\tex/latex/float\float.sty
Package: float 2001/11/08 v1.3d Float enhancements (AL)
\c@float@type=\count298
\float@exts=\toks34
\float@box=\box55
\@float@everytoks=\toks35
\@floatcapt=\box56
)
(C:\Users\inimodo\AppData\Local\Programs\MiKTeX\tex/latex/siunitx\siunitx.sty
Package: siunitx 2023-06-12 v3.2.6 A comprehensive (SI) units package
\l__siunitx_angle_tmp_dim=\dimen171
\l__siunitx_angle_marker_box=\box57
\l__siunitx_angle_unit_box=\box58
\l__siunitx_compound_count_int=\count299

(C:\Users\inimodo\AppData\Local\Programs\MiKTeX\tex/latex/translations\translat
ions.sty
Package: translations 2022/02/05 v1.12 internationalization of LaTeX2e packages
 (CN)

(C:\Users\inimodo\AppData\Local\Programs\MiKTeX\tex/latex/etoolbox\etoolbox.sty
Package: etoolbox 2020/10/05 v2.5k e-TeX tools for LaTeX (JAW)
\etb@tempcnta=\count300
))
\l__siunitx_number_exponent_fixed_int=\count301
\l__siunitx_number_min_decimal_int=\count302
\l__siunitx_number_min_integer_int=\count303
\l__siunitx_number_round_precision_int=\count304
\l__siunitx_number_lower_threshold_int=\count305
\l__siunitx_number_upper_threshold_int=\count306
\l__siunitx_number_group_first_int=\count307
\l__siunitx_number_group_size_int=\count308
\l__siunitx_number_group_minimum_int=\count309
\l__siunitx_table_tmp_box=\box59
\l__siunitx_table_tmp_dim=\dimen172
\l__siunitx_table_column_width_dim=\dimen173
\l__siunitx_table_integer_box=\box60
\l__siunitx_table_decimal_box=\box61
\l__siunitx_table_uncert_box=\box62
\l__siunitx_table_before_box=\box63
\l__siunitx_table_after_box=\box64
\l__siunitx_table_before_dim=\dimen174
\l__siunitx_table_carry_dim=\dimen175
\l__siunitx_unit_tmp_int=\count310
\l__siunitx_unit_position_int=\count311
\l__siunitx_unit_total_int=\count312
 (C:\Users\inimodo\AppData\Local\Programs\MiKTeX\tex/latex/tools\array.sty
Package: array 2022/09/04 v2.5g Tabular extension package (FMi)
\col@sep=\dimen176
\ar@mcellbox=\box65
\extrarowheight=\dimen177
\NC@list=\toks36
\extratabsurround=\skip69
\backup@length=\skip70
\ar@cellbox=\box66
)))
(C:\Users\inimodo\AppData\Local\Programs\MiKTeX\tex/latex/l3backend\l3backend-p
dftex.def
File: l3backend-pdftex.def 2023-03-30 L3 backend support: PDF output (pdfTeX)
\l__color_backend_stack_int=\count313
\l__pdf_internal_box=\box67
) (zk_48_documentation.aux

LaTeX Warning: Label `fig:trigger_circuit' multiply defined.


LaTeX Warning: Label `fig:trigger_circuit@cref' multiply defined.

)
\openout1 = `zk_48_documentation.aux'.

LaTeX Font Info:    Checking defaults for OML/cmm/m/it on input line 2.
LaTeX Font Info:    ... okay on input line 2.
LaTeX Font Info:    Checking defaults for OMS/cmsy/m/n on input line 2.
LaTeX Font Info:    ... okay on input line 2.
LaTeX Font Info:    Checking defaults for OT1/cmr/m/n on input line 2.
LaTeX Font Info:    ... okay on input line 2.
LaTeX Font Info:    Checking defaults for T1/cmr/m/n on input line 2.
LaTeX Font Info:    ... okay on input line 2.
LaTeX Font Info:    Checking defaults for TS1/cmr/m/n on input line 2.
LaTeX Font Info:    ... okay on input line 2.
LaTeX Font Info:    Checking defaults for OMX/cmex/m/n on input line 2.
LaTeX Font Info:    ... okay on input line 2.
LaTeX Font Info:    Checking defaults for U/cmr/m/n on input line 2.
LaTeX Font Info:    ... okay on input line 2.
LaTeX Font Info:    Checking defaults for PD1/pdf/m/n on input line 2.
LaTeX Font Info:    ... okay on input line 2.
LaTeX Font Info:    Checking defaults for PU/pdf/m/n on input line 2.
LaTeX Font Info:    ... okay on input line 2.

*geometry* driver: auto-detecting
*geometry* detected driver: pdftex
*geometry* verbose mode - [ preamble ] result:
* driver: pdftex
* paper: a4paper
* layout: <same size as paper>
* layoutoffset:(h,v)=(0.0pt,0.0pt)
* modes: 
* h-part:(L,W,R)=(85.35826pt, 426.79135pt, 85.35826pt)
* v-part:(T,H,B)=(85.35826pt, 674.33032pt, 85.35826pt)
* \paperwidth=597.50787pt
* \paperheight=845.04684pt
* \textwidth=426.79135pt
* \textheight=674.33032pt
* \oddsidemargin=13.08827pt
* \evensidemargin=13.08827pt
* \topmargin=-37.91173pt
* \headheight=19.0pt
* \headsep=32.0pt
* \topskip=10.0pt
* \footskip=40.0pt
* \marginparwidth=65.0pt
* \marginparsep=11.0pt
* \columnsep=10.0pt
* \skip\footins=9.0pt plus 4.0pt minus 2.0pt
* \hoffset=0.0pt
* \voffset=0.0pt
* \mag=1000
* \@twocolumnfalse
* \@twosidefalse
* \@mparswitchfalse
* \@reversemarginfalse
* (1in=72.27pt=25.4mm, 1cm=28.453pt)

Package hyperref Info: Link coloring OFF on input line 2.
(zk_48_documentation.out) (zk_48_documentation.out)
\@outlinefile=\write3
\openout3 = `zk_48_documentation.out'.


(C:\Users\inimodo\AppData\Local\Programs\MiKTeX\tex/context/base/mkii\supp-pdf.
mkii
[Loading MPS to PDF converter (version 2006.09.02).]
\scratchcounter=\count314
\scratchdimen=\dimen178
\scratchbox=\box68
\nofMPsegments=\count315
\nofMParguments=\count316
\everyMPshowfont=\toks37
\MPscratchCnt=\count317
\MPscratchDim=\dimen179
\MPnumerator=\count318
\makeMPintoPDFobject=\count319
\everyMPtoPDFconversion=\toks38
)
(C:\Users\inimodo\AppData\Local\Programs\MiKTeX\tex/latex/epstopdf-pkg\epstopdf
-base.sty
Package: epstopdf-base 2020-01-24 v2.11 Base part for package epstopdf
Package epstopdf-base Info: Redefining graphics rule for `.eps' on input line 4
85.

(C:\Users\inimodo\AppData\Local\Programs\MiKTeX\tex/latex/00miktex\epstopdf-sys
.cfg
File: epstopdf-sys.cfg 2021/03/18 v2.0 Configuration of epstopdf for MiKTeX
))
\c@lstlisting=\count320

(C:\Users\inimodo\AppData\Local\Programs\MiKTeX\tex/latex/translations/dicts\tr
anslations-basic-dictionary-english.trsl
File: translations-basic-dictionary-english.trsl (english translation file `tra
nslations-basic-dictionary')
)
Package translations Info: loading dictionary `translations-basic-dictionary' f
or `english'. on input line 2.
<./Figures/zk_48_logo.png, id=127, 480.79625pt x 740.7675pt>
File: ./Figures/zk_48_logo.png Graphic file (type png)
<use ./Figures/zk_48_logo.png>
Package pdftex.def Info: ./Figures/zk_48_logo.png  used on input line 7.
(pdftex.def)             Requested size: 56.9055pt x 87.66751pt.
 [1

{C:/Users/inimodo/AppData/Local/MiKTeX/fonts/map/pdftex/pdftex.map} <./Figures/
zk_48_logo.png>]
(zk_48_documentation.toc
LaTeX Font Info:    Trying to load font information for U+msa on input line 3.

(C:\Users\inimodo\AppData\Local\Programs\MiKTeX\tex/latex/amsfonts\umsa.fd
File: umsa.fd 2013/01/14 v3.01 AMS symbols A
)
LaTeX Font Info:    Trying to load font information for U+msb on input line 3.

(C:\Users\inimodo\AppData\Local\Programs\MiKTeX\tex/latex/amsfonts\umsb.fd
File: umsb.fd 2013/01/14 v3.01 AMS symbols B
))
\tf@toc=\write4
\openout4 = `zk_48_documentation.toc'.

File: ./Figures/zk_48_logo.png Graphic file (type png)
<use ./Figures/zk_48_logo.png>
Package pdftex.def Info: ./Figures/zk_48_logo.png  used on input line 26.
(pdftex.def)             Requested size: 28.84653pt x 44.44412pt.


Package fancyhdr Warning: \footskip is too small (40.0pt): 
(fancyhdr)                Make it at least 48.04416pt, for example:
(fancyhdr)                \setlength{\footskip}{48.04416pt}.


pdfTeX warning (ext4): destination with the same identifier (name{page.1}) has 
been already used, duplicate ignored
<to be read again> 
                   \relax 
l.26 
      [1]
<./Figures/complete_with_trig_and_mod.JPG, id=178, 1703.5645pt x 1037.476pt>
File: ./Figures/complete_with_trig_and_mod.JPG Graphic file (type jpg)
<use ./Figures/complete_with_trig_and_mod.JPG>
Package pdftex.def Info: ./Figures/complete_with_trig_and_mod.JPG  used on inpu
t line 32.
(pdftex.def)             Requested size: 426.79134pt x 259.9066pt.

Underfull \hbox (badness 10000) in paragraph at lines 38--39

 []

File: ./Figures/zk_48_logo.png Graphic file (type png)
<use ./Figures/zk_48_logo.png>
Package pdftex.def Info: ./Figures/zk_48_logo.png  used on input line 41.
(pdftex.def)             Requested size: 28.84653pt x 44.44412pt.

Package fancyhdr Warning: \footskip is too small (40.0pt): 
(fancyhdr)                Make it at least 48.04416pt, for example:
(fancyhdr)                \setlength{\footskip}{48.04416pt}.

[2
pdfTeX warning (ext4): destination with the same identifier (name{figure.1}) ha
s been already used, duplicate ignored
<argument> ...shipout:D \box_use:N \l_shipout_box 
                                                  \__shipout_drop_firstpage_...
l.41 \subsection
                {Concept} <./Figures/complete_with_trig_and_mod.JPG>]
LaTeX Font Info:    Trying to load font information for T1+cmtt on input line 4
3.

(C:\Users\inimodo\AppData\Local\Programs\MiKTeX\tex/latex/base\t1cmtt.fd
File: t1cmtt.fd 2022/07/10 v2.5l Standard LaTeX font definitions
)
Underfull \hbox (badness 10000) in paragraph at lines 43--43
[][][][]$\T1/cmtt/m/n/8 https : / / www . mouser . com / datasheet / 2 / 268 / 
Atmel _ 2588 _ 8 _ bit _ AVR _ Microcontrollers _ tinyAVR _
 []

<./Figures/concept_all.png, id=188, 442.65375pt x 221.82875pt>
File: ./Figures/concept_all.png Graphic file (type png)
<use ./Figures/concept_all.png>
Package pdftex.def Info: ./Figures/concept_all.png  used on input line 47.
(pdftex.def)             Requested size: 284.52756pt x 142.5927pt.

Underfull \hbox (badness 10000) in paragraph at lines 52--53

 []


Underfull \hbox (badness 10000) in paragraph at lines 54--55

 []

File: ./Figures/zk_48_logo.png Graphic file (type png)
<use ./Figures/zk_48_logo.png>
Package pdftex.def Info: ./Figures/zk_48_logo.png  used on input line 63.
(pdftex.def)             Requested size: 28.84653pt x 44.44412pt.

Package fancyhdr Warning: \footskip is too small (40.0pt): 
(fancyhdr)                Make it at least 48.04416pt, for example:
(fancyhdr)                \setlength{\footskip}{48.04416pt}.

[3
pdfTeX warning (ext4): destination with the same identifier (name{figure.2}) ha
s been already used, duplicate ignored
<argument> ...shipout:D \box_use:N \l_shipout_box 
                                                  \__shipout_drop_firstpage_...
l.63 
      <./Figures/concept_all.png>]
<./Figures/concept_ivg.png, id=207, 442.65375pt x 222.8325pt>
File: ./Figures/concept_ivg.png Graphic file (type png)
<use ./Figures/concept_ivg.png>
Package pdftex.def Info: ./Figures/concept_ivg.png  used on input line 75.
(pdftex.def)             Requested size: 142.26378pt x 71.61726pt.
<./Figures/ivg_circuit.png, id=211, 2263.45625pt x 1527.7075pt>
File: ./Figures/ivg_circuit.png Graphic file (type png)
<use ./Figures/ivg_circuit.png>
Package pdftex.def Info: ./Figures/ivg_circuit.png  used on input line 85.
(pdftex.def)             Requested size: 426.79134pt x 288.0529pt.
File: ./Figures/zk_48_logo.png Graphic file (type png)
<use ./Figures/zk_48_logo.png>
Package pdftex.def Info: ./Figures/zk_48_logo.png  used on input line 91.
(pdftex.def)             Requested size: 28.84653pt x 44.44412pt.


Package fancyhdr Warning: \footskip is too small (40.0pt): 
(fancyhdr)                Make it at least 48.04416pt, for example:
(fancyhdr)                \setlength{\footskip}{48.04416pt}.

[4
pdfTeX warning (ext4): destination with the same identifier (name{figure.3}) ha
s been already used, duplicate ignored
<argument> ...shipout:D \box_use:N \l_shipout_box 
                                                  \__shipout_drop_firstpage_...
l.91 
      <./Figures/concept_ivg.png> <./Figures/ivg_circuit.png>]
Underfull \hbox (badness 10000) in paragraph at lines 94--95

 []


Underfull \hbox (badness 10000) in paragraph at lines 96--97

 []


LaTeX Warning: Reference `Module' on page 1 undefined on input line 98.


Underfull \hbox (badness 10000) in paragraph at lines 98--99

 []


Underfull \hbox (badness 10000) in paragraph at lines 103--104

 []


Underfull \hbox (badness 10000) in paragraph at lines 105--106

 []


Underfull \hbox (badness 10000) in paragraph at lines 108--109

 []

File: ./Figures/zk_48_logo.png Graphic file (type png)
<use ./Figures/zk_48_logo.png>
Package pdftex.def Info: ./Figures/zk_48_logo.png  used on input line 111.
(pdftex.def)             Requested size: 28.84653pt x 44.44412pt.

Package fancyhdr Warning: \footskip is too small (40.0pt): 
(fancyhdr)                Make it at least 48.04416pt, for example:
(fancyhdr)                \setlength{\footskip}{48.04416pt}.

[5]
<./Figures/testrig_pulse.png, id=250, 1049.9225pt x 722.7pt>
File: ./Figures/testrig_pulse.png Graphic file (type png)
<use ./Figures/testrig_pulse.png>
Package pdftex.def Info: ./Figures/testrig_pulse.png  used on input line 118.
(pdftex.def)             Requested size: 199.16928pt x 137.09387pt.

Underfull \hbox (badness 10000) in paragraph at lines 126--127

 []

<./Figures/eight_pulses_close.png, id=255, 803.0pt x 481.8pt>
File: ./Figures/eight_pulses_close.png Graphic file (type png)
<use ./Figures/eight_pulses_close.png>
Package pdftex.def Info: ./Figures/eight_pulses_close.png  used on input line 1
30.
(pdftex.def)             Requested size: 284.52756pt x 170.7204pt.
File: ./Figures/zk_48_logo.png Graphic file (type png)
<use ./Figures/zk_48_logo.png>
Package pdftex.def Info: ./Figures/zk_48_logo.png  used on input line 138.
(pdftex.def)             Requested size: 28.84653pt x 44.44412pt.

Package fancyhdr Warning: \footskip is too small (40.0pt): 
(fancyhdr)                Make it at least 48.04416pt, for example:
(fancyhdr)                \setlength{\footskip}{48.04416pt}.

[6
pdfTeX warning (ext4): destination with the same identifier (name{figure.4}) ha
s been already used, duplicate ignored
<argument> ...shipout:D \box_use:N \l_shipout_box 
                                                  \__shipout_drop_firstpage_...
l.138 
      
pdfTeX warning (ext4): destination with the same identifier (name{figure.5}) ha
s been already used, duplicate ignored
<argument> ...shipout:D \box_use:N \l_shipout_box 
                                                  \__shipout_drop_firstpage_...
l.138 
       <./Figures/testrig_pulse.png> <./Figures/eight_pulses_close.png (PNG cop
y)>]
<./Figures/eight_pulses_wide.png, id=271, 803.0pt x 481.8pt>
File: ./Figures/eight_pulses_wide.png Graphic file (type png)
<use ./Figures/eight_pulses_wide.png>
Package pdftex.def Info: ./Figures/eight_pulses_wide.png  used on input line 14
2.
(pdftex.def)             Requested size: 284.52756pt x 170.7204pt.

Underfull \hbox (badness 10000) in paragraph at lines 147--148

 []

<./Figures/max_pulses.png, id=273, 803.0pt x 481.8pt>
File: ./Figures/max_pulses.png Graphic file (type png)
<use ./Figures/max_pulses.png>
Package pdftex.def Info: ./Figures/max_pulses.png  used on input line 153.
(pdftex.def)             Requested size: 284.52756pt x 170.7204pt.
File: ./Figures/zk_48_logo.png Graphic file (type png)
<use ./Figures/zk_48_logo.png>
Package pdftex.def Info: ./Figures/zk_48_logo.png  used on input line 165.
(pdftex.def)             Requested size: 28.84653pt x 44.44412pt.

Package fancyhdr Warning: \footskip is too small (40.0pt): 
(fancyhdr)                Make it at least 48.04416pt, for example:
(fancyhdr)                \setlength{\footskip}{48.04416pt}.

[7
pdfTeX warning (ext4): destination with the same identifier (name{figure.6}) ha
s been already used, duplicate ignored
<argument> ...shipout:D \box_use:N \l_shipout_box 
                                                  \__shipout_drop_firstpage_...
l.165 
      
pdfTeX warning (ext4): destination with the same identifier (name{figure.7}) ha
s been already used, duplicate ignored
<argument> ...shipout:D \box_use:N \l_shipout_box 
                                                  \__shipout_drop_firstpage_...
l.165 
       <./Figures/eight_pulses_wide.png (PNG copy)> <./Figures/max_pulses.png (
PNG copy)>]
<./Figures/concept_controller.png, id=281, 442.65375pt x 222.8325pt>
File: ./Figures/concept_controller.png Graphic file (type png)
<use ./Figures/concept_controller.png>
Package pdftex.def Info: ./Figures/concept_controller.png  used on input line 1
72.
(pdftex.def)             Requested size: 142.26378pt x 71.61726pt.
<./Figures/controller_circuit.png, id=283, 3306.3525pt x 2274.4975pt>
File: ./Figures/controller_circuit.png Graphic file (type png)
<use ./Figures/controller_circuit.png>
Package pdftex.def Info: ./Figures/controller_circuit.png  used on input line 1
81.
(pdftex.def)             Requested size: 426.79134pt x 293.57799pt.
File: ./Figures/zk_48_logo.png Graphic file (type png)
<use ./Figures/zk_48_logo.png>
Package pdftex.def Info: ./Figures/zk_48_logo.png  used on input line 187.
(pdftex.def)             Requested size: 28.84653pt x 44.44412pt.


Package fancyhdr Warning: \footskip is too small (40.0pt): 
(fancyhdr)                Make it at least 48.04416pt, for example:
(fancyhdr)                \setlength{\footskip}{48.04416pt}.

[8
pdfTeX warning (ext4): destination with the same identifier (name{figure.8}) ha
s been already used, duplicate ignored
<argument> ...shipout:D \box_use:N \l_shipout_box 
                                                  \__shipout_drop_firstpage_...
l.187 
       <./Figures/concept_controller.png> <./Figures/controller_circuit.png>]
Underfull \hbox (badness 10000) in paragraph at lines 193--194

 []


LaTeX Warning: Reference `none' on page 1 undefined on input line 195.


Underfull \hbox (badness 10000) in paragraph at lines 195--196

 []


Underfull \hbox (badness 10000) in paragraph at lines 198--199

 []


Underfull \hbox (badness 10000) in paragraph at lines 200--201

 []


Underfull \hbox (badness 10000) in paragraph at lines 204--205

 []

<./Figures/uart_ttl.jpg, id=298, 1374.13374pt x 1195.46625pt>
File: ./Figures/uart_ttl.jpg Graphic file (type jpg)
<use ./Figures/uart_ttl.jpg>
Package pdftex.def Info: ./Figures/uart_ttl.jpg  used on input line 208.
(pdftex.def)             Requested size: 113.81102pt x 98.99565pt.

Underfull \hbox (badness 10000) in paragraph at lines 213--214

 []

File: ./Figures/zk_48_logo.png Graphic file (type png)
<use ./Figures/zk_48_logo.png>
Package pdftex.def Info: ./Figures/zk_48_logo.png  used on input line 217.
(pdftex.def)             Requested size: 28.84653pt x 44.44412pt.

Package fancyhdr Warning: \footskip is too small (40.0pt): 
(fancyhdr)                Make it at least 48.04416pt, for example:
(fancyhdr)                \setlength{\footskip}{48.04416pt}.

[9
pdfTeX warning (ext4): destination with the same identifier (name{figure.9}) ha
s been already used, duplicate ignored
<argument> ...shipout:D \box_use:N \l_shipout_box 
                                                  \__shipout_drop_firstpage_...
l.217 
       <./Figures/uart_ttl.jpg>]

LaTeX Warning: Command \textmu invalid in math mode on input line 220.


LaTeX Warning: Command \textmu invalid in math mode on input line 220.

Missing character: There is no µ in font cmr9!
<./Figures/mod_trig_connector.png, id=314, 953.5625pt x 260.975pt>
File: ./Figures/mod_trig_connector.png Graphic file (type png)
<use ./Figures/mod_trig_connector.png>
Package pdftex.def Info: ./Figures/mod_trig_connector.png  used on input line 2
30.
(pdftex.def)             Requested size: 284.52756pt x 77.87099pt.

Underfull \hbox (badness 10000) in paragraph at lines 235--236

 []

<./Figures/MAB_5.jpg, id=322, 301.125pt x 301.125pt>
File: ./Figures/MAB_5.jpg Graphic file (type jpg)
<use ./Figures/MAB_5.jpg>
Package pdftex.def Info: ./Figures/MAB_5.jpg  used on input line 241.
(pdftex.def)             Requested size: 85.35826pt x 85.35744pt.
<./Figures/MAS_50.jpg, id=323, 301.125pt x 301.125pt>
File: ./Figures/MAS_50.jpg Graphic file (type jpg)
<use ./Figures/MAS_50.jpg>
Package pdftex.def Info: ./Figures/MAS_50.jpg  used on input line 243.
(pdftex.def)             Requested size: 85.35826pt x 85.35744pt.

Underfull \hbox (badness 10000) in paragraph at lines 248--249

 []

File: ./Figures/zk_48_logo.png Graphic file (type png)
<use ./Figures/zk_48_logo.png>
Package pdftex.def Info: ./Figures/zk_48_logo.png  used on input line 251.
(pdftex.def)             Requested size: 28.84653pt x 44.44412pt.

Package fancyhdr Warning: \footskip is too small (40.0pt): 
(fancyhdr)                Make it at least 48.04416pt, for example:
(fancyhdr)                \setlength{\footskip}{48.04416pt}.

[10
pdfTeX warning (ext4): destination with the same identifier (name{figure.10}) h
as been already used, duplicate ignored
<argument> ...shipout:D \box_use:N \l_shipout_box 
                                                  \__shipout_drop_firstpage_...
l.251 
      
pdfTeX warning (ext4): destination with the same identifier (name{figure.11}) h
as been already used, duplicate ignored
<argument> ...shipout:D \box_use:N \l_shipout_box 
                                                  \__shipout_drop_firstpage_...
l.251 
       <./Figures/mod_trig_connector.png> <./Figures/MAB_5.jpg> <./Figures/MAS_
50.jpg>]
<./Figures/controller_circuit_soldered.JPG, id=340, 1114.9655pt x 908.996pt>
File: ./Figures/controller_circuit_soldered.JPG Graphic file (type jpg)
<use ./Figures/controller_circuit_soldered.JPG>
Package pdftex.def Info: ./Figures/controller_circuit_soldered.JPG  used on inp
ut line 257.
(pdftex.def)             Requested size: 284.52756pt x 231.96428pt.

Underfull \hbox (badness 10000) in paragraph at lines 262--263

 []

File: ./Figures/zk_48_logo.png Graphic file (type png)
<use ./Figures/zk_48_logo.png>
Package pdftex.def Info: ./Figures/zk_48_logo.png  used on input line 267.
(pdftex.def)             Requested size: 28.84653pt x 44.44412pt.

Package fancyhdr Warning: \footskip is too small (40.0pt): 
(fancyhdr)                Make it at least 48.04416pt, for example:
(fancyhdr)                \setlength{\footskip}{48.04416pt}.

[11
pdfTeX warning (ext4): destination with the same identifier (name{figure.12}) h
as been already used, duplicate ignored
<argument> ...shipout:D \box_use:N \l_shipout_box 
                                                  \__shipout_drop_firstpage_...
l.267 
       <./Figures/controller_circuit_soldered.JPG>]
<./Figures/controller_plate_top.JPG, id=352, 1264.725pt x 957.176pt>
File: ./Figures/controller_plate_top.JPG Graphic file (type jpg)
<use ./Figures/controller_plate_top.JPG>
Package pdftex.def Info: ./Figures/controller_plate_top.JPG  used on input line
 273.
(pdftex.def)             Requested size: 284.52756pt x 215.3261pt.

Underfull \hbox (badness 10000) in paragraph at lines 278--279

 []

<./Figures/controller_plate_side.JPG, id=356, 1546.9795pt x 642.4pt>
File: ./Figures/controller_plate_side.JPG Graphic file (type jpg)
<use ./Figures/controller_plate_side.JPG>
Package pdftex.def Info: ./Figures/controller_plate_side.JPG  used on input lin
e 282.
(pdftex.def)             Requested size: 284.52756pt x 118.14618pt.
File: ./Figures/zk_48_logo.png Graphic file (type png)
<use ./Figures/zk_48_logo.png>
Package pdftex.def Info: ./Figures/zk_48_logo.png  used on input line 290.
(pdftex.def)             Requested size: 28.84653pt x 44.44412pt.

Package fancyhdr Warning: \footskip is too small (40.0pt): 
(fancyhdr)                Make it at least 48.04416pt, for example:
(fancyhdr)                \setlength{\footskip}{48.04416pt}.

[12
pdfTeX warning (ext4): destination with the same identifier (name{figure.13}) h
as been already used, duplicate ignored
<argument> ...shipout:D \box_use:N \l_shipout_box 
                                                  \__shipout_drop_firstpage_...
l.290 
      
pdfTeX warning (ext4): destination with the same identifier (name{figure.14}) h
as been already used, duplicate ignored
<argument> ...shipout:D \box_use:N \l_shipout_box 
                                                  \__shipout_drop_firstpage_...
l.290 
       <./Figures/controller_plate_top.JPG> <./Figures/controller_plate_side.JP
G>]
<./Figures/gn_case.jpg, id=370, 1218.5525pt x 1404.24625pt>
File: ./Figures/gn_case.jpg Graphic file (type jpg)
<use ./Figures/gn_case.jpg>
Package pdftex.def Info: ./Figures/gn_case.jpg  used on input line 293.
(pdftex.def)             Requested size: 113.81102pt x 131.13351pt.

Underfull \hbox (badness 10000) in paragraph at lines 298--299

 []

<./Figures/controller_open_legend.png, id=379, 1171.1755pt x 949.5475pt>
File: ./Figures/controller_open_legend.png Graphic file (type png)
<use ./Figures/controller_open_legend.png>
Package pdftex.def Info: ./Figures/controller_open_legend.png  used on input li
ne 305.
(pdftex.def)             Requested size: 284.52756pt x 230.67792pt.
File: ./Figures/zk_48_logo.png Graphic file (type png)
<use ./Figures/zk_48_logo.png>
Package pdftex.def Info: ./Figures/zk_48_logo.png  used on input line 323.
(pdftex.def)             Requested size: 28.84653pt x 44.44412pt.

Package fancyhdr Warning: \footskip is too small (40.0pt): 
(fancyhdr)                Make it at least 48.04416pt, for example:
(fancyhdr)                \setlength{\footskip}{48.04416pt}.

[13
pdfTeX warning (ext4): destination with the same identifier (name{figure.15}) h
as been already used, duplicate ignored
<argument> ...shipout:D \box_use:N \l_shipout_box 
                                                  \__shipout_drop_firstpage_...
l.323 
      
pdfTeX warning (ext4): destination with the same identifier (name{figure.16}) h
as been already used, duplicate ignored
<argument> ...shipout:D \box_use:N \l_shipout_box 
                                                  \__shipout_drop_firstpage_...
l.323 
       <./Figures/gn_case.jpg> <./Figures/controller_open_legend.png>]
<./Figures/concept_trigger.png, id=397, 442.65375pt x 222.8325pt>
File: ./Figures/concept_trigger.png Graphic file (type png)
<use ./Figures/concept_trigger.png>
Package pdftex.def Info: ./Figures/concept_trigger.png  used on input line 328.

(pdftex.def)             Requested size: 142.26378pt x 71.61726pt.
<./Figures/trigger_circuit.png, id=398, 2263.45625pt x 1527.7075pt>
File: ./Figures/trigger_circuit.png Graphic file (type png)
<use ./Figures/trigger_circuit.png>
Package pdftex.def Info: ./Figures/trigger_circuit.png  used on input line 337.

(pdftex.def)             Requested size: 426.79134pt x 288.0529pt.
File: ./Figures/zk_48_logo.png Graphic file (type png)
<use ./Figures/zk_48_logo.png>
Package pdftex.def Info: ./Figures/zk_48_logo.png  used on input line 343.
(pdftex.def)             Requested size: 28.84653pt x 44.44412pt.


Package fancyhdr Warning: \footskip is too small (40.0pt): 
(fancyhdr)                Make it at least 48.04416pt, for example:
(fancyhdr)                \setlength{\footskip}{48.04416pt}.

[14
pdfTeX warning (ext4): destination with the same identifier (name{figure.17}) h
as been already used, duplicate ignored
<argument> ...shipout:D \box_use:N \l_shipout_box 
                                                  \__shipout_drop_firstpage_...
l.343 
       <./Figures/concept_trigger.png> <./Figures/trigger_circuit.png>]
<./Figures/trig_open.JPG, id=408, 1330.9725pt x 748.7975pt>
File: ./Figures/trig_open.JPG Graphic file (type jpg)
<use ./Figures/trig_open.JPG>
Package pdftex.def Info: ./Figures/trig_open.JPG  used on input line 353.
(pdftex.def)             Requested size: 284.52756pt x 160.06284pt.


LaTeX Warning: Reference `fig:trig_with_cable' on page 1 undefined on input lin
e 358.

<./Figures/trig_with_cable_legend.png, id=412, 1626.878pt x 915.42pt>
File: ./Figures/trig_with_cable_legend.png Graphic file (type png)
<use ./Figures/trig_with_cable_legend.png>
Package pdftex.def Info: ./Figures/trig_with_cable_legend.png  used on input li
ne 362.
(pdftex.def)             Requested size: 284.52756pt x 160.08916pt.
File: ./Figures/zk_48_logo.png Graphic file (type png)
<use ./Figures/zk_48_logo.png>
Package pdftex.def Info: ./Figures/zk_48_logo.png  used on input line 374.
(pdftex.def)             Requested size: 28.84653pt x 44.44412pt.

Package fancyhdr Warning: \footskip is too small (40.0pt): 
(fancyhdr)                Make it at least 48.04416pt, for example:
(fancyhdr)                \setlength{\footskip}{48.04416pt}.

[15
pdfTeX warning (ext4): destination with the same identifier (name{figure.18}) h
as been already used, duplicate ignored
<argument> ...shipout:D \box_use:N \l_shipout_box 
                                                  \__shipout_drop_firstpage_...
l.374 
      
pdfTeX warning (ext4): destination with the same identifier (name{figure.19}) h
as been already used, duplicate ignored
<argument> ...shipout:D \box_use:N \l_shipout_box 
                                                  \__shipout_drop_firstpage_...
l.374 
       <./Figures/trig_open.JPG> <./Figures/trig_with_cable_legend.png>]
<./Figures/concept_modules.png, id=422, 442.65375pt x 222.8325pt>
File: ./Figures/concept_modules.png Graphic file (type png)
<use ./Figures/concept_modules.png>
Package pdftex.def Info: ./Figures/concept_modules.png  used on input line 380.

(pdftex.def)             Requested size: 142.26378pt x 71.61726pt.
<./Figures/module_circuit.png, id=423, 3306.3525pt x 2274.4975pt>
File: ./Figures/module_circuit.png Graphic file (type png)
<use ./Figures/module_circuit.png>
Package pdftex.def Info: ./Figures/module_circuit.png  used on input line 389.
(pdftex.def)             Requested size: 426.79134pt x 293.57799pt.
File: ./Figures/zk_48_logo.png Graphic file (type png)
<use ./Figures/zk_48_logo.png>
Package pdftex.def Info: ./Figures/zk_48_logo.png  used on input line 395.
(pdftex.def)             Requested size: 28.84653pt x 44.44412pt.


Package fancyhdr Warning: \footskip is too small (40.0pt): 
(fancyhdr)                Make it at least 48.04416pt, for example:
(fancyhdr)                \setlength{\footskip}{48.04416pt}.

[16
pdfTeX warning (ext4): destination with the same identifier (name{figure.20}) h
as been already used, duplicate ignored
<argument> ...shipout:D \box_use:N \l_shipout_box 
                                                  \__shipout_drop_firstpage_...
l.395 
       <./Figures/concept_modules.png> <./Figures/module_circuit.png>]

Package hyperref Warning: Difference (2) between bookmark levels is greater 
(hyperref)                than one, level fixed on input line 402.

File: ./Figures/zk_48_logo.png Graphic file (type png)
<use ./Figures/zk_48_logo.png>
Package pdftex.def Info: ./Figures/zk_48_logo.png  used on input line 410.
(pdftex.def)             Requested size: 28.84653pt x 44.44412pt.

Package fancyhdr Warning: \footskip is too small (40.0pt): 
(fancyhdr)                Make it at least 48.04416pt, for example:
(fancyhdr)                \setlength{\footskip}{48.04416pt}.

[17]
Underfull \hbox (badness 10000) in paragraph at lines 413--414

 []

File: ./Figures/zk_48_logo.png Graphic file (type png)
<use ./Figures/zk_48_logo.png>
Package pdftex.def Info: ./Figures/zk_48_logo.png  used on input line 419.
(pdftex.def)             Requested size: 28.84653pt x 44.44412pt.

Package fancyhdr Warning: \footskip is too small (40.0pt): 
(fancyhdr)                Make it at least 48.04416pt, for example:
(fancyhdr)                \setlength{\footskip}{48.04416pt}.

[18] (zk_48_documentation.aux)

LaTeX Warning: There were undefined references.


LaTeX Warning: There were multiply-defined labels.

Package rerunfilecheck Info: File `zk_48_documentation.out' has not changed.
(rerunfilecheck)             Checksum: 95C4FFA15E6B6F5F4FBB7A1FE67F68B9;4278.
 ) 
Here is how much of TeX's memory you used:
 19783 strings out of 476331
 383296 string characters out of 5786821
 1865660 words of memory out of 5000000
 39837 multiletter control sequences out of 15000+600000
 531347 words of font info for 76 fonts, out of 8000000 for 9000
 1141 hyphenation exceptions out of 8191
 80i,14n,79p,1133b,915s stack positions out of 10000i,1000n,20000p,200000b,200000s
 <C:\Users\inimodo\AppData\Local\MiKTeX\fonts/pk/ljfour/jknappen/ec/dpi600\ec
bx0900.pk> <C:\Users\inimodo\AppData\Local\MiKTeX\fonts/pk/ljfour/jknappen/ec/d
pi600\tcrm0900.pk> <C:\Users\inimodo\AppData\Local\MiKTeX\fonts/pk/ljfour/jknap
pen/ec/dpi600\ecrm0900.pk> <C:\Users\inimodo\AppData\Local\MiKTeX\fonts/pk/ljfo
ur/jknappen/ec/dpi600\ecti0900.pk> <C:\Users\inimodo\AppData\Local\MiKTeX\fonts
/pk/ljfour/jknappen/ec/dpi600\ecti1000.pk> <C:\Users\inimodo\AppData\Local\MiKT
eX\fonts/pk/ljfour/jknappen/ec/dpi600\ectt0800.pk> <C:\Users\inimodo\AppData\Lo
cal\MiKTeX\fonts/pk/ljfour/jknappen/ec/dpi600\ecrm0600.pk> <C:\Users\inimodo\Ap
pData\Local\MiKTeX\fonts/pk/ljfour/jknappen/ec/dpi600\ecrm0700.pk> <C:\Users\in
imodo\AppData\Local\MiKTeX\fonts/pk/ljfour/jknappen/ec/dpi600\ecbx1200.pk> <C:\
Users\inimodo\AppData\Local\MiKTeX\fonts/pk/ljfour/jknappen/ec/dpi600\ecrm1000.
pk> <C:\Users\inimodo\AppData\Local\MiKTeX\fonts/pk/ljfour/jknappen/ec/dpi600\e
cbx1000.pk> <C:\Users\inimodo\AppData\Local\MiKTeX\fonts/pk/ljfour/jknappen/ec/
dpi600\ecbx1440.pk> <C:\Users\inimodo\AppData\Local\MiKTeX\fonts/pk/ljfour/jkna
ppen/ec/dpi600\ecti1440.pk> <C:\Users\inimodo\AppData\Local\MiKTeX\fonts/pk/ljf
our/jknappen/ec/dpi600\ecrm1440.pk> <C:\Users\inimodo\AppData\Local\MiKTeX\font
s/pk/ljfour/jknappen/ec/dpi600\ecbx2488.pk> <C:\Users\inimodo\AppData\Local\MiK
TeX\fonts/pk/ljfour/jknappen/ec/dpi600\ecrm2488.pk><C:/Users/inimodo/AppData/Lo
cal/Programs/MiKTeX/fonts/type1/public/amsfonts/cm/cmmi10.pfb><C:/Users/inimodo
/AppData/Local/Programs/MiKTeX/fonts/type1/public/amsfonts/cm/cmmi7.pfb><C:/Use
rs/inimodo/AppData/Local/Programs/MiKTeX/fonts/type1/public/amsfonts/cm/cmmi9.p
fb><C:/Users/inimodo/AppData/Local/Programs/MiKTeX/fonts/type1/public/amsfonts/
cm/cmr10.pfb><C:/Users/inimodo/AppData/Local/Programs/MiKTeX/fonts/type1/public
/amsfonts/cm/cmr7.pfb><C:/Users/inimodo/AppData/Local/Programs/MiKTeX/fonts/typ
e1/public/amsfonts/cm/cmr9.pfb><C:/Users/inimodo/AppData/Local/Programs/MiKTeX/
fonts/type1/public/amsfonts/cm/cmsy10.pfb><C:/Users/inimodo/AppData/Local/Progr
ams/MiKTeX/fonts/type1/public/amsfonts/cm/cmsy9.pfb>
Output written on zk_48_documentation.pdf (19 pages, 23774029 bytes).
PDF statistics:
 1031 PDF objects out of 1200 (max. 8388607)
 103 named destinations out of 1000 (max. 500000)
 379 words of extra memory for PDF output out of 10000 (max. 10000000)

