\BOOKMARK [1][-]{section.1}{\376\377\000I\000n\000t\000r\000o\000d\000u\000c\000t\000i\000o\000n}{}% 1
\BOOKMARK [2][-]{subsection.1.1}{\376\377\000L\000e\000g\000a\000l\000\040\000D\000i\000s\000c\000l\000a\000i\000m\000e\000r}{section.1}% 2
\BOOKMARK [2][-]{subsection.1.2}{\376\377\000C\000o\000n\000c\000e\000p\000t}{section.1}% 3
\BOOKMARK [1][-]{section.2}{\376\377\000H\000a\000r\000d\000w\000a\000r\000e}{}% 4
\BOOKMARK [2][-]{subsection.2.1}{\376\377\000T\000h\000e\000\040\000I\000g\000n\000i\000t\000i\000o\000n\000\040\000V\000o\000l\000t\000a\000g\000e\000\040\000G\000e\000n\000e\000r\000a\000t\000o\000r}{section.2}% 5
\BOOKMARK [3][-]{subsubsection.2.1.1}{\376\377\000C\000i\000r\000c\000u\000i\000t}{subsection.2.1}% 6
\BOOKMARK [3][-]{subsubsection.2.1.2}{\376\377\000H\000o\000w\000\040\000d\000o\000e\000s\000\040\000t\000h\000e\000\040\000c\000i\000r\000c\000u\000i\000t\000\040\000w\000o\000r\000k\000?}{subsection.2.1}% 7
\BOOKMARK [3][-]{subsubsection.2.1.3}{\376\377\000T\000e\000s\000t\000i\000n\000g}{subsection.2.1}% 8
\BOOKMARK [4][-]{paragraph.2.1.3.1}{\376\377\000R\000e\000s\000u\000l\000t\000s}{subsubsection.2.1.3}% 9
\BOOKMARK [4][-]{paragraph.2.1.3.2}{\376\377\000C\000o\000n\000c\000l\000u\000s\000i\000o\000n}{subsubsection.2.1.3}% 10
\BOOKMARK [2][-]{subsection.2.2}{\376\377\000C\000o\000n\000t\000r\000o\000l\000l\000e\000r}{section.2}% 11
\BOOKMARK [3][-]{subsubsection.2.2.1}{\376\377\000C\000i\000r\000c\000u\000i\000t}{subsection.2.2}% 12
\BOOKMARK [3][-]{subsubsection.2.2.2}{\376\377\000C\000o\000m\000p\000o\000n\000e\000n\000t\000s\000\040\000o\000f\000\040\000t\000h\000e\000\040\000C\000o\000n\000t\000r\000o\000l\000l\000e\000r}{subsection.2.2}% 13
\BOOKMARK [4][-]{paragraph.2.2.2.1}{\376\377\000P\000e\000r\000i\000p\000h\000e\000r\000a\000l\000\040\000M\000a\000n\000a\000g\000i\000n\000g\000\040\000a\000n\000d\000\040\000C\000o\000n\000t\000r\000o\000l\000l\000i\000n\000g\000\040\000L\000o\000g\000i\000c}{subsubsection.2.2.2}% 14
\BOOKMARK [4][-]{paragraph.2.2.2.2}{\376\377\000A\000t\000t\000i\000n\000y\000\040\0008\0006\0001}{subsubsection.2.2.2}% 15
\BOOKMARK [4][-]{paragraph.2.2.2.3}{\376\377\000U\000S\000B\000\040\000s\000e\000r\000i\000a\000l\000\040\000c\000o\000m\000m\000u\000n\000i\000c\000a\000t\000i\000o\000n}{subsubsection.2.2.2}% 16
\BOOKMARK [4][-]{paragraph.2.2.2.4}{\376\377\000A\000r\000m\000\040\000s\000a\000f\000e\000t\000y\000\040\000c\000i\000r\000c\000u\000i\000t}{subsubsection.2.2.2}% 17
\BOOKMARK [4][-]{paragraph.2.2.2.5}{\376\377\000A\000d\000d\000i\000t\000i\000o\000n\000a\000l\000\040\000c\000i\000r\000c\000u\000i\000t\000s}{subsubsection.2.2.2}% 18
\BOOKMARK [3][-]{subsubsection.2.2.3}{\376\377\000S\000o\000c\000k\000e\000t\000s\000\040\000a\000n\000d\000\040\000P\000l\000u\000g\000s}{subsection.2.2}% 19
\BOOKMARK [3][-]{subsubsection.2.2.4}{\376\377\000C\000i\000r\000c\000u\000i\000t\000\040\000b\000o\000a\000r\000d}{subsection.2.2}% 20
\BOOKMARK [3][-]{subsubsection.2.2.5}{\376\377\000H\000o\000u\000s\000i\000n\000g\000\040\000o\000f\000\040\000t\000h\000e\000\040\000C\000o\000n\000t\000r\000o\000l\000l\000e\000r}{subsection.2.2}% 21
\BOOKMARK [2][-]{subsection.2.3}{\376\377\000T\000r\000i\000g\000g\000e\000r}{section.2}% 22
\BOOKMARK [3][-]{subsubsection.2.3.1}{\376\377\000C\000i\000r\000c\000u\000i\000t}{subsection.2.3}% 23
\BOOKMARK [3][-]{subsubsection.2.3.2}{\376\377\000H\000o\000w\000\040\000d\000o\000e\000s\000\040\000t\000h\000e\000\040\000t\000r\000i\000g\000g\000e\000r\000\040\000w\000o\000r\000k\000?}{subsection.2.3}% 24
\BOOKMARK [3][-]{subsubsection.2.3.3}{\376\377\000H\000o\000u\000s\000i\000n\000g\000\040\000o\000f\000\040\000t\000h\000e\000\040\000T\000r\000i\000g\000g\000e\000r}{subsection.2.3}% 25
\BOOKMARK [2][-]{subsection.2.4}{\376\377\000I\000g\000n\000i\000t\000i\000o\000n\000\040\000M\000o\000d\000u\000l\000e\000s}{section.2}% 26
\BOOKMARK [3][-]{subsubsection.2.4.1}{\376\377\000C\000i\000r\000c\000u\000i\000t}{subsection.2.4}% 27
\BOOKMARK [3][-]{subsubsection.2.4.2}{\376\377\000H\000o\000w\000\040\000d\000o\000e\000s\000\040\000t\000h\000e\000\040\000I\000g\000n\000i\000t\000i\000o\000n\000\040\000M\000o\000d\000u\000l\000e\000\040\000w\000o\000r\000k\000?}{subsection.2.4}% 28
\BOOKMARK [4][-]{paragraph.2.4.2.1}{\376\377\000I\000g\000n\000i\000t\000i\000o\000n\000\040\000C\000i\000r\000c\000u\000i\000t}{subsubsection.2.4.2}% 29
\BOOKMARK [4][-]{paragraph.2.4.2.2}{\376\377\000C\000o\000n\000t\000r\000o\000l\000l\000i\000n\000g\000\040\000t\000h\000e\000\040\000I\000g\000n\000i\000t\000i\000o\000n\000\040\000C\000i\000r\000c\000u\000i\000t\000s}{subsubsection.2.4.2}% 30
\BOOKMARK [4][-]{paragraph.2.4.2.3}{\376\377\000A\000d\000d\000i\000t\000i\000o\000n\000a\000l\000\040\000c\000i\000r\000c\000u\000i\000t\000s}{subsubsection.2.4.2}% 31
\BOOKMARK [3][-]{subsubsection.2.4.3}{\376\377\000H\000o\000u\000s\000i\000n\000g\000\040\000o\000f\000\040\000t\000h\000e\000\040\000I\000g\000n\000i\000t\000i\000o\000n\000\040\000M\000o\000d\000u\000l\000e\000s}{subsection.2.4}% 32
\BOOKMARK [1][-]{section.3}{\376\377\000F\000i\000r\000m\000w\000a\000r\000e}{}% 33
\BOOKMARK [2][-]{subsection.3.1}{\376\377\000C\000o\000m\000p\000o\000n\000e\000n\000t\000s\000\040\000o\000f\000\040\000t\000h\000e\000\040\000F\000i\000r\000m\000w\000a\000r\000e}{section.3}% 34
\BOOKMARK [3][-]{subsubsection.3.1.1}{\376\377\000C\000o\000n\000s\000t\000a\000n\000t\000s}{subsection.3.1}% 35
\BOOKMARK [4][-]{paragraph.3.1.1.1}{\376\377\000P\000i\000n\000o\000u\000t}{subsubsection.3.1.1}% 36
\BOOKMARK [4][-]{paragraph.3.1.1.2}{\376\377\000M\000o\000d\000u\000l\000e\000\040\000a\000d\000d\000r\000e\000s\000s\000i\000n\000g}{subsubsection.3.1.1}% 37
\BOOKMARK [3][-]{subsubsection.3.1.2}{\376\377\000S\000e\000t\000u\000p}{subsection.3.1}% 38
\BOOKMARK [4][-]{paragraph.3.1.2.1}{\376\377\000s\000e\000t\000u\000p}{subsubsection.3.1.2}% 39
\BOOKMARK [3][-]{subsubsection.3.1.3}{\376\377\000E\000E\000P\000R\000O\000M\000\040\000F\000u\000n\000c\000t\000i\000o\000n\000s}{subsection.3.1}% 40
\BOOKMARK [4][-]{paragraph.3.1.3.1}{\376\377\000w\000r\000i\000t\000e\000P\000r\000o\000g\000r\000a\000m\000E\000n\000d\000p\000o\000i\000n\000t\000\040\000a\000n\000d\000\040\000r\000e\000a\000d\000P\000r\000o\000g\000r\000a\000m\000E\000n\000d\000p\000o\000i\000n\000t}{subsubsection.3.1.3}% 41
\BOOKMARK [4][-]{paragraph.3.1.3.2}{\376\377\000w\000r\000i\000t\000e\000P\000r\000o\000g\000r\000a\000m\000P\000o\000i\000n\000t\000\040\000a\000n\000d\000\040\000r\000e\000a\000d\000P\000r\000o\000g\000r\000a\000m\000P\000o\000i\000n\000t}{subsubsection.3.1.3}% 42
\BOOKMARK [3][-]{subsubsection.3.1.4}{\376\377\000P\000r\000o\000g\000r\000a\000m\000\040\000M\000o\000d\000e}{subsection.3.1}% 43
\BOOKMARK [4][-]{paragraph.3.1.4.1}{\376\377\000c\000h\000e\000c\000k\000P\000G\000M}{subsubsection.3.1.4}% 44
\BOOKMARK [4][-]{paragraph.3.1.4.2}{\376\377\000p\000r\000o\000g\000r\000a\000m\000m\000M\000o\000d\000e}{subsubsection.3.1.4}% 45
\BOOKMARK [3][-]{subsubsection.3.1.5}{\376\377\000I\000O\000\040\000F\000u\000n\000c\000t\000i\000o\000n}{subsection.3.1}% 46
\BOOKMARK [4][-]{paragraph.3.1.5.1}{\376\377\000t\000r\000a\000n\000s\000m\000i\000t\000D\000a\000t\000a}{subsubsection.3.1.5}% 47
\BOOKMARK [4][-]{paragraph.3.1.5.2}{\376\377\000s\000e\000t\000M\000o\000d\000u\000l\000e}{subsubsection.3.1.5}% 48
\BOOKMARK [4][-]{paragraph.3.1.5.3}{\376\377\000i\000g\000n\000i\000t\000e}{subsubsection.3.1.5}% 49
\BOOKMARK [4][-]{paragraph.3.1.5.4}{\376\377\000s\000e\000t\000L\000E\000D\000S\000t\000a\000t\000e}{subsubsection.3.1.5}% 50
\BOOKMARK [3][-]{subsubsection.3.1.6}{\376\377\000S\000t\000a\000t\000e\000\040\000M\000a\000c\000h\000i\000n\000e}{subsection.3.1}% 51
\BOOKMARK [4][-]{paragraph.3.1.6.1}{\376\377\000F\000S\000M}{subsubsection.3.1.6}% 52
\BOOKMARK [3][-]{subsubsection.3.1.7}{\376\377\000M\000a\000i\000n\000\040\000L\000o\000o\000p}{subsection.3.1}% 53
\BOOKMARK [4][-]{paragraph.3.1.7.1}{\376\377\000l\000o\000o\000p}{subsubsection.3.1.7}% 54
\BOOKMARK [4][-]{paragraph.3.1.7.2}{\376\377\000f\000i\000r\000e}{subsubsection.3.1.7}% 55
\BOOKMARK [2][-]{subsection.3.2}{\376\377\000P\000r\000o\000g\000r\000a\000m\000m\000i\000n\000g\000\040\000t\000h\000e\000\040\000A\000t\000t\000i\000n\000y\0008\0006\0001}{section.3}% 56
\BOOKMARK [1][-]{section.4}{\376\377\000T\000h\000e\000\040\000C\000o\000m\000p\000l\000e\000t\000e\000\040\000S\000y\000s\000t\000e\000m}{}% 57
\BOOKMARK [2][-]{subsection.4.1}{\376\377\000P\000r\000i\000c\000i\000n\000g}{section.4}% 58
\BOOKMARK [2][-]{subsection.4.2}{\376\377\000C\000o\000n\000c\000l\000u\000s\000i\000o\000n}{section.4}% 59
\BOOKMARK [1][-]{section.5}{\376\377\000A\000p\000p\000e\000n\000d\000i\000x}{}% 60
\BOOKMARK [2][-]{subsection.5.1}{\376\377\000F\000i\000r\000m\000w\000a\000r\000e\000\040\000C\000o\000d\000e}{section.5}% 61
\BOOKMARK [2][-]{subsection.5.2}{\376\377\000R\000e\000c\000o\000g\000n\000i\000t\000i\000o\000n\000s}{section.5}% 62
